<?xml version="1.0" encoding="UTF-8"?>
<!-- Generated by org.testng.reporters.JUnitReportReporter -->
<testsuite hostname="LAPTOP-HM8TA1NR" failures="0" tests="3" name="com.api.CucumberRunner" time="16.885" errors="0" timestamp="2020-08-04T16:54:41 IST" skipped="0">
  <testcase classname="com.api.CucumberRunner" name="scenario" time="8.901"/>
  <system-out/>
  <testcase classname="com.api.CucumberRunner" name="scenario" time="4.465"/>
  <system-out/>
  <testcase classname="com.api.CucumberRunner" name="scenario" time="3.519"/>
  <system-out/>
</testsuite> <!-- com.api.CucumberRunner -->
