<?xml version="1.0" encoding="UTF-8"?>
<!-- Generated by org.testng.reporters.JUnitReportReporter -->
<testsuite hostname="LAPTOP-HM8TA1NR" failures="0" tests="1" name="com.api.service.EtoEkey_deserialisation" time="5.597" errors="0" timestamp="2020-08-04T16:42:07 IST" skipped="0">
  <testcase classname="com.api.service.EtoEkey_deserialisation" name="EtoEkey_deserialisation" time="5.597"/>
  <system-out/>
</testsuite> <!-- com.api.service.EtoEkey_deserialisation -->
